2021-03-07 09:50:57 Error: [Error] Call to undefined method UploadsController::checkStoreInfo()
Request URL: /uploads
Stack Trace:
#0 C:\xampp7.3\htdocs\cakephp-2.10.22\lib\Cake\Event\CakeEventManager.php(244): UploadsController->beforeFilter(Object(CakeEvent))
#1 C:\xampp7.3\htdocs\cakephp-2.10.22\lib\Cake\Controller\Controller.php(682): CakeEventManager->dispatch(Object(CakeEvent))
#2 C:\xampp7.3\htdocs\cakephp-2.10.22\lib\Cake\Routing\Dispatcher.php(189): Controller->startupProcess()
#3 C:\xampp7.3\htdocs\cakephp-2.10.22\lib\Cake\Routing\Dispatcher.php(167): Dispatcher->_invoke(Object(UploadsController), Object(CakeRequest))
#4 C:\xampp7.3\htdocs\cakephp-2.10.22\app_varaprasad\webroot\index.php(117): Dispatcher->dispatch(Object(CakeRequest), Object(CakeResponse))
#5 {main}
2021-03-07 09:51:16 Error: [PDOException] SQLSTATE[42000]: Syntax error or access violation: 1064 You have an error in your SQL syntax; check the manual that corresponds to your MariaDB server version for the right syntax to use near '' at line 1
Request URL: /uploads
Stack Trace:
#0 C:\xampp7.3\htdocs\cakephp-2.10.22\lib\Cake\Model\Datasource\DboSource.php(502): PDOStatement->execute(Array)
#1 C:\xampp7.3\htdocs\cakephp-2.10.22\lib\Cake\Model\Datasource\Database\Mysql.php(232): DboSource->_execute('SHOW TABLES FRO...')
#2 C:\xampp7.3\htdocs\cakephp-2.10.22\lib\Cake\Model\Model.php(1168): Mysql->listSources()
#3 C:\xampp7.3\htdocs\cakephp-2.10.22\lib\Cake\Model\Model.php(3686): Model->setSource('uploads')
#4 C:\xampp7.3\htdocs\cakephp-2.10.22\lib\Cake\Model\Model.php(1394): Model->getDataSource()
#5 C:\xampp7.3\htdocs\cakephp-2.10.22\lib\Cake\View\Helper\FormHelper.php(215): Model->schema()
#6 C:\xampp7.3\htdocs\cakephp-2.10.22\lib\Cake\View\Helper\FormHelper.php(480): FormHelper->_introspectModel('Upload', 'fields')
#7 C:\xampp7.3\htdocs\cakephp-2.10.22\app_varaprasad\View\Uploads\index.ctp(2): FormHelper->create()
#8 C:\xampp7.3\htdocs\cakephp-2.10.22\lib\Cake\View\View.php(971): include('C:\\xampp7.3\\htd...')
#9 C:\xampp7.3\htdocs\cakephp-2.10.22\lib\Cake\View\View.php(933): View->_evaluate('C:\\xampp7.3\\htd...', Array)
#10 C:\xampp7.3\htdocs\cakephp-2.10.22\lib\Cake\View\View.php(473): View->_render('C:\\xampp7.3\\htd...')
#11 C:\xampp7.3\htdocs\cakephp-2.10.22\lib\Cake\Controller\Controller.php(968): View->render(NULL, NULL)
#12 C:\xampp7.3\htdocs\cakephp-2.10.22\lib\Cake\Routing\Dispatcher.php(200): Controller->render()
#13 C:\xampp7.3\htdocs\cakephp-2.10.22\lib\Cake\Routing\Dispatcher.php(167): Dispatcher->_invoke(Object(UploadsController), Object(CakeRequest))
#14 C:\xampp7.3\htdocs\cakephp-2.10.22\app_varaprasad\webroot\index.php(117): Dispatcher->dispatch(Object(CakeRequest), Object(CakeResponse))
#15 {main}
2021-03-07 09:53:23 Error: [PDOException] SQLSTATE[42000]: Syntax error or access violation: 1064 You have an error in your SQL syntax; check the manual that corresponds to your MariaDB server version for the right syntax to use near '' at line 1
Request URL: /uploads
Stack Trace:
#0 C:\xampp7.3\htdocs\cakephp-2.10.22\lib\Cake\Model\Datasource\DboSource.php(502): PDOStatement->execute(Array)
#1 C:\xampp7.3\htdocs\cakephp-2.10.22\lib\Cake\Model\Datasource\Database\Mysql.php(232): DboSource->_execute('SHOW TABLES FRO...')
#2 C:\xampp7.3\htdocs\cakephp-2.10.22\lib\Cake\Model\Model.php(1168): Mysql->listSources()
#3 C:\xampp7.3\htdocs\cakephp-2.10.22\lib\Cake\Model\Model.php(3686): Model->setSource('uploads')
#4 C:\xampp7.3\htdocs\cakephp-2.10.22\lib\Cake\Model\Model.php(1394): Model->getDataSource()
#5 C:\xampp7.3\htdocs\cakephp-2.10.22\lib\Cake\View\Helper\FormHelper.php(215): Model->schema()
#6 C:\xampp7.3\htdocs\cakephp-2.10.22\lib\Cake\View\Helper\FormHelper.php(480): FormHelper->_introspectModel('Upload', 'fields')
#7 C:\xampp7.3\htdocs\cakephp-2.10.22\app_varaprasad\View\Uploads\index.ctp(2): FormHelper->create()
#8 C:\xampp7.3\htdocs\cakephp-2.10.22\lib\Cake\View\View.php(971): include('C:\\xampp7.3\\htd...')
#9 C:\xampp7.3\htdocs\cakephp-2.10.22\lib\Cake\View\View.php(933): View->_evaluate('C:\\xampp7.3\\htd...', Array)
#10 C:\xampp7.3\htdocs\cakephp-2.10.22\lib\Cake\View\View.php(473): View->_render('C:\\xampp7.3\\htd...')
#11 C:\xampp7.3\htdocs\cakephp-2.10.22\lib\Cake\Controller\Controller.php(968): View->render(NULL, NULL)
#12 C:\xampp7.3\htdocs\cakephp-2.10.22\lib\Cake\Routing\Dispatcher.php(200): Controller->render()
#13 C:\xampp7.3\htdocs\cakephp-2.10.22\lib\Cake\Routing\Dispatcher.php(167): Dispatcher->_invoke(Object(UploadsController), Object(CakeRequest))
#14 C:\xampp7.3\htdocs\cakephp-2.10.22\app_varaprasad\webroot\index.php(117): Dispatcher->dispatch(Object(CakeRequest), Object(CakeResponse))
#15 {main}
2021-03-07 09:53:25 Error: [PDOException] SQLSTATE[42000]: Syntax error or access violation: 1064 You have an error in your SQL syntax; check the manual that corresponds to your MariaDB server version for the right syntax to use near '' at line 1
Request URL: /uploads
Stack Trace:
#0 C:\xampp7.3\htdocs\cakephp-2.10.22\lib\Cake\Model\Datasource\DboSource.php(502): PDOStatement->execute(Array)
#1 C:\xampp7.3\htdocs\cakephp-2.10.22\lib\Cake\Model\Datasource\Database\Mysql.php(232): DboSource->_execute('SHOW TABLES FRO...')
#2 C:\xampp7.3\htdocs\cakephp-2.10.22\lib\Cake\Model\Model.php(1168): Mysql->listSources()
#3 C:\xampp7.3\htdocs\cakephp-2.10.22\lib\Cake\Model\Model.php(3686): Model->setSource('uploads')
#4 C:\xampp7.3\htdocs\cakephp-2.10.22\lib\Cake\Model\Model.php(1394): Model->getDataSource()
#5 C:\xampp7.3\htdocs\cakephp-2.10.22\lib\Cake\View\Helper\FormHelper.php(215): Model->schema()
#6 C:\xampp7.3\htdocs\cakephp-2.10.22\lib\Cake\View\Helper\FormHelper.php(480): FormHelper->_introspectModel('Upload', 'fields')
#7 C:\xampp7.3\htdocs\cakephp-2.10.22\app_varaprasad\View\Uploads\index.ctp(2): FormHelper->create()
#8 C:\xampp7.3\htdocs\cakephp-2.10.22\lib\Cake\View\View.php(971): include('C:\\xampp7.3\\htd...')
#9 C:\xampp7.3\htdocs\cakephp-2.10.22\lib\Cake\View\View.php(933): View->_evaluate('C:\\xampp7.3\\htd...', Array)
#10 C:\xampp7.3\htdocs\cakephp-2.10.22\lib\Cake\View\View.php(473): View->_render('C:\\xampp7.3\\htd...')
#11 C:\xampp7.3\htdocs\cakephp-2.10.22\lib\Cake\Controller\Controller.php(968): View->render(NULL, NULL)
#12 C:\xampp7.3\htdocs\cakephp-2.10.22\lib\Cake\Routing\Dispatcher.php(200): Controller->render()
#13 C:\xampp7.3\htdocs\cakephp-2.10.22\lib\Cake\Routing\Dispatcher.php(167): Dispatcher->_invoke(Object(UploadsController), Object(CakeRequest))
#14 C:\xampp7.3\htdocs\cakephp-2.10.22\app_varaprasad\webroot\index.php(117): Dispatcher->dispatch(Object(CakeRequest), Object(CakeResponse))
#15 {main}
2021-03-07 09:53:26 Error: [PDOException] SQLSTATE[42000]: Syntax error or access violation: 1064 You have an error in your SQL syntax; check the manual that corresponds to your MariaDB server version for the right syntax to use near '' at line 1
Request URL: /uploads
Stack Trace:
#0 C:\xampp7.3\htdocs\cakephp-2.10.22\lib\Cake\Model\Datasource\DboSource.php(502): PDOStatement->execute(Array)
#1 C:\xampp7.3\htdocs\cakephp-2.10.22\lib\Cake\Model\Datasource\Database\Mysql.php(232): DboSource->_execute('SHOW TABLES FRO...')
#2 C:\xampp7.3\htdocs\cakephp-2.10.22\lib\Cake\Model\Model.php(1168): Mysql->listSources()
#3 C:\xampp7.3\htdocs\cakephp-2.10.22\lib\Cake\Model\Model.php(3686): Model->setSource('uploads')
#4 C:\xampp7.3\htdocs\cakephp-2.10.22\lib\Cake\Model\Model.php(1394): Model->getDataSource()
#5 C:\xampp7.3\htdocs\cakephp-2.10.22\lib\Cake\View\Helper\FormHelper.php(215): Model->schema()
#6 C:\xampp7.3\htdocs\cakephp-2.10.22\lib\Cake\View\Helper\FormHelper.php(480): FormHelper->_introspectModel('Upload', 'fields')
#7 C:\xampp7.3\htdocs\cakephp-2.10.22\app_varaprasad\View\Uploads\index.ctp(2): FormHelper->create()
#8 C:\xampp7.3\htdocs\cakephp-2.10.22\lib\Cake\View\View.php(971): include('C:\\xampp7.3\\htd...')
#9 C:\xampp7.3\htdocs\cakephp-2.10.22\lib\Cake\View\View.php(933): View->_evaluate('C:\\xampp7.3\\htd...', Array)
#10 C:\xampp7.3\htdocs\cakephp-2.10.22\lib\Cake\View\View.php(473): View->_render('C:\\xampp7.3\\htd...')
#11 C:\xampp7.3\htdocs\cakephp-2.10.22\lib\Cake\Controller\Controller.php(968): View->render(NULL, NULL)
#12 C:\xampp7.3\htdocs\cakephp-2.10.22\lib\Cake\Routing\Dispatcher.php(200): Controller->render()
#13 C:\xampp7.3\htdocs\cakephp-2.10.22\lib\Cake\Routing\Dispatcher.php(167): Dispatcher->_invoke(Object(UploadsController), Object(CakeRequest))
#14 C:\xampp7.3\htdocs\cakephp-2.10.22\app_varaprasad\webroot\index.php(117): Dispatcher->dispatch(Object(CakeRequest), Object(CakeResponse))
#15 {main}
2021-03-07 09:53:26 Error: [PDOException] SQLSTATE[42000]: Syntax error or access violation: 1064 You have an error in your SQL syntax; check the manual that corresponds to your MariaDB server version for the right syntax to use near '' at line 1
Request URL: /uploads
Stack Trace:
#0 C:\xampp7.3\htdocs\cakephp-2.10.22\lib\Cake\Model\Datasource\DboSource.php(502): PDOStatement->execute(Array)
#1 C:\xampp7.3\htdocs\cakephp-2.10.22\lib\Cake\Model\Datasource\Database\Mysql.php(232): DboSource->_execute('SHOW TABLES FRO...')
#2 C:\xampp7.3\htdocs\cakephp-2.10.22\lib\Cake\Model\Model.php(1168): Mysql->listSources()
#3 C:\xampp7.3\htdocs\cakephp-2.10.22\lib\Cake\Model\Model.php(3686): Model->setSource('uploads')
#4 C:\xampp7.3\htdocs\cakephp-2.10.22\lib\Cake\Model\Model.php(1394): Model->getDataSource()
#5 C:\xampp7.3\htdocs\cakephp-2.10.22\lib\Cake\View\Helper\FormHelper.php(215): Model->schema()
#6 C:\xampp7.3\htdocs\cakephp-2.10.22\lib\Cake\View\Helper\FormHelper.php(480): FormHelper->_introspectModel('Upload', 'fields')
#7 C:\xampp7.3\htdocs\cakephp-2.10.22\app_varaprasad\View\Uploads\index.ctp(2): FormHelper->create()
#8 C:\xampp7.3\htdocs\cakephp-2.10.22\lib\Cake\View\View.php(971): include('C:\\xampp7.3\\htd...')
#9 C:\xampp7.3\htdocs\cakephp-2.10.22\lib\Cake\View\View.php(933): View->_evaluate('C:\\xampp7.3\\htd...', Array)
#10 C:\xampp7.3\htdocs\cakephp-2.10.22\lib\Cake\View\View.php(473): View->_render('C:\\xampp7.3\\htd...')
#11 C:\xampp7.3\htdocs\cakephp-2.10.22\lib\Cake\Controller\Controller.php(968): View->render(NULL, NULL)
#12 C:\xampp7.3\htdocs\cakephp-2.10.22\lib\Cake\Routing\Dispatcher.php(200): Controller->render()
#13 C:\xampp7.3\htdocs\cakephp-2.10.22\lib\Cake\Routing\Dispatcher.php(167): Dispatcher->_invoke(Object(UploadsController), Object(CakeRequest))
#14 C:\xampp7.3\htdocs\cakephp-2.10.22\app_varaprasad\webroot\index.php(117): Dispatcher->dispatch(Object(CakeRequest), Object(CakeResponse))
#15 {main}
2021-03-07 09:53:26 Error: [PDOException] SQLSTATE[42000]: Syntax error or access violation: 1064 You have an error in your SQL syntax; check the manual that corresponds to your MariaDB server version for the right syntax to use near '' at line 1
Request URL: /uploads
Stack Trace:
#0 C:\xampp7.3\htdocs\cakephp-2.10.22\lib\Cake\Model\Datasource\DboSource.php(502): PDOStatement->execute(Array)
#1 C:\xampp7.3\htdocs\cakephp-2.10.22\lib\Cake\Model\Datasource\Database\Mysql.php(232): DboSource->_execute('SHOW TABLES FRO...')
#2 C:\xampp7.3\htdocs\cakephp-2.10.22\lib\Cake\Model\Model.php(1168): Mysql->listSources()
#3 C:\xampp7.3\htdocs\cakephp-2.10.22\lib\Cake\Model\Model.php(3686): Model->setSource('uploads')
#4 C:\xampp7.3\htdocs\cakephp-2.10.22\lib\Cake\Model\Model.php(1394): Model->getDataSource()
#5 C:\xampp7.3\htdocs\cakephp-2.10.22\lib\Cake\View\Helper\FormHelper.php(215): Model->schema()
#6 C:\xampp7.3\htdocs\cakephp-2.10.22\lib\Cake\View\Helper\FormHelper.php(480): FormHelper->_introspectModel('Upload', 'fields')
#7 C:\xampp7.3\htdocs\cakephp-2.10.22\app_varaprasad\View\Uploads\index.ctp(2): FormHelper->create()
#8 C:\xampp7.3\htdocs\cakephp-2.10.22\lib\Cake\View\View.php(971): include('C:\\xampp7.3\\htd...')
#9 C:\xampp7.3\htdocs\cakephp-2.10.22\lib\Cake\View\View.php(933): View->_evaluate('C:\\xampp7.3\\htd...', Array)
#10 C:\xampp7.3\htdocs\cakephp-2.10.22\lib\Cake\View\View.php(473): View->_render('C:\\xampp7.3\\htd...')
#11 C:\xampp7.3\htdocs\cakephp-2.10.22\lib\Cake\Controller\Controller.php(968): View->render(NULL, NULL)
#12 C:\xampp7.3\htdocs\cakephp-2.10.22\lib\Cake\Routing\Dispatcher.php(200): Controller->render()
#13 C:\xampp7.3\htdocs\cakephp-2.10.22\lib\Cake\Routing\Dispatcher.php(167): Dispatcher->_invoke(Object(UploadsController), Object(CakeRequest))
#14 C:\xampp7.3\htdocs\cakephp-2.10.22\app_varaprasad\webroot\index.php(117): Dispatcher->dispatch(Object(CakeRequest), Object(CakeResponse))
#15 {main}
2021-03-07 09:53:26 Error: [PDOException] SQLSTATE[42000]: Syntax error or access violation: 1064 You have an error in your SQL syntax; check the manual that corresponds to your MariaDB server version for the right syntax to use near '' at line 1
Request URL: /uploads
Stack Trace:
#0 C:\xampp7.3\htdocs\cakephp-2.10.22\lib\Cake\Model\Datasource\DboSource.php(502): PDOStatement->execute(Array)
#1 C:\xampp7.3\htdocs\cakephp-2.10.22\lib\Cake\Model\Datasource\Database\Mysql.php(232): DboSource->_execute('SHOW TABLES FRO...')
#2 C:\xampp7.3\htdocs\cakephp-2.10.22\lib\Cake\Model\Model.php(1168): Mysql->listSources()
#3 C:\xampp7.3\htdocs\cakephp-2.10.22\lib\Cake\Model\Model.php(3686): Model->setSource('uploads')
#4 C:\xampp7.3\htdocs\cakephp-2.10.22\lib\Cake\Model\Model.php(1394): Model->getDataSource()
#5 C:\xampp7.3\htdocs\cakephp-2.10.22\lib\Cake\View\Helper\FormHelper.php(215): Model->schema()
#6 C:\xampp7.3\htdocs\cakephp-2.10.22\lib\Cake\View\Helper\FormHelper.php(480): FormHelper->_introspectModel('Upload', 'fields')
#7 C:\xampp7.3\htdocs\cakephp-2.10.22\app_varaprasad\View\Uploads\index.ctp(2): FormHelper->create()
#8 C:\xampp7.3\htdocs\cakephp-2.10.22\lib\Cake\View\View.php(971): include('C:\\xampp7.3\\htd...')
#9 C:\xampp7.3\htdocs\cakephp-2.10.22\lib\Cake\View\View.php(933): View->_evaluate('C:\\xampp7.3\\htd...', Array)
#10 C:\xampp7.3\htdocs\cakephp-2.10.22\lib\Cake\View\View.php(473): View->_render('C:\\xampp7.3\\htd...')
#11 C:\xampp7.3\htdocs\cakephp-2.10.22\lib\Cake\Controller\Controller.php(968): View->render(NULL, NULL)
#12 C:\xampp7.3\htdocs\cakephp-2.10.22\lib\Cake\Routing\Dispatcher.php(200): Controller->render()
#13 C:\xampp7.3\htdocs\cakephp-2.10.22\lib\Cake\Routing\Dispatcher.php(167): Dispatcher->_invoke(Object(UploadsController), Object(CakeRequest))
#14 C:\xampp7.3\htdocs\cakephp-2.10.22\app_varaprasad\webroot\index.php(117): Dispatcher->dispatch(Object(CakeRequest), Object(CakeResponse))
#15 {main}
2021-03-07 09:53:26 Error: [PDOException] SQLSTATE[42000]: Syntax error or access violation: 1064 You have an error in your SQL syntax; check the manual that corresponds to your MariaDB server version for the right syntax to use near '' at line 1
Request URL: /uploads
Stack Trace:
#0 C:\xampp7.3\htdocs\cakephp-2.10.22\lib\Cake\Model\Datasource\DboSource.php(502): PDOStatement->execute(Array)
#1 C:\xampp7.3\htdocs\cakephp-2.10.22\lib\Cake\Model\Datasource\Database\Mysql.php(232): DboSource->_execute('SHOW TABLES FRO...')
#2 C:\xampp7.3\htdocs\cakephp-2.10.22\lib\Cake\Model\Model.php(1168): Mysql->listSources()
#3 C:\xampp7.3\htdocs\cakephp-2.10.22\lib\Cake\Model\Model.php(3686): Model->setSource('uploads')
#4 C:\xampp7.3\htdocs\cakephp-2.10.22\lib\Cake\Model\Model.php(1394): Model->getDataSource()
#5 C:\xampp7.3\htdocs\cakephp-2.10.22\lib\Cake\View\Helper\FormHelper.php(215): Model->schema()
#6 C:\xampp7.3\htdocs\cakephp-2.10.22\lib\Cake\View\Helper\FormHelper.php(480): FormHelper->_introspectModel('Upload', 'fields')
#7 C:\xampp7.3\htdocs\cakephp-2.10.22\app_varaprasad\View\Uploads\index.ctp(2): FormHelper->create()
#8 C:\xampp7.3\htdocs\cakephp-2.10.22\lib\Cake\View\View.php(971): include('C:\\xampp7.3\\htd...')
#9 C:\xampp7.3\htdocs\cakephp-2.10.22\lib\Cake\View\View.php(933): View->_evaluate('C:\\xampp7.3\\htd...', Array)
#10 C:\xampp7.3\htdocs\cakephp-2.10.22\lib\Cake\View\View.php(473): View->_render('C:\\xampp7.3\\htd...')
#11 C:\xampp7.3\htdocs\cakephp-2.10.22\lib\Cake\Controller\Controller.php(968): View->render(NULL, NULL)
#12 C:\xampp7.3\htdocs\cakephp-2.10.22\lib\Cake\Routing\Dispatcher.php(200): Controller->render()
#13 C:\xampp7.3\htdocs\cakephp-2.10.22\lib\Cake\Routing\Dispatcher.php(167): Dispatcher->_invoke(Object(UploadsController), Object(CakeRequest))
#14 C:\xampp7.3\htdocs\cakephp-2.10.22\app_varaprasad\webroot\index.php(117): Dispatcher->dispatch(Object(CakeRequest), Object(CakeResponse))
#15 {main}
2021-03-07 09:53:53 Error: [MissingTableException] Table uploads for model Upload was not found in datasource default.
Exception Attributes: array (
  'table' => 'uploads',
  'class' => 'Upload',
  'ds' => 'default',
)
Request URL: /uploads
Stack Trace:
#0 C:\xampp7.3\htdocs\cakephp-2.10.22\lib\Cake\Model\Model.php(3686): Model->setSource('uploads')
#1 C:\xampp7.3\htdocs\cakephp-2.10.22\lib\Cake\Model\Model.php(1394): Model->getDataSource()
#2 C:\xampp7.3\htdocs\cakephp-2.10.22\lib\Cake\View\Helper\FormHelper.php(215): Model->schema()
#3 C:\xampp7.3\htdocs\cakephp-2.10.22\lib\Cake\View\Helper\FormHelper.php(480): FormHelper->_introspectModel('Upload', 'fields')
#4 C:\xampp7.3\htdocs\cakephp-2.10.22\app_varaprasad\View\Uploads\index.ctp(2): FormHelper->create()
#5 C:\xampp7.3\htdocs\cakephp-2.10.22\lib\Cake\View\View.php(971): include('C:\\xampp7.3\\htd...')
#6 C:\xampp7.3\htdocs\cakephp-2.10.22\lib\Cake\View\View.php(933): View->_evaluate('C:\\xampp7.3\\htd...', Array)
#7 C:\xampp7.3\htdocs\cakephp-2.10.22\lib\Cake\View\View.php(473): View->_render('C:\\xampp7.3\\htd...')
#8 C:\xampp7.3\htdocs\cakephp-2.10.22\lib\Cake\Controller\Controller.php(968): View->render(NULL, NULL)
#9 C:\xampp7.3\htdocs\cakephp-2.10.22\lib\Cake\Routing\Dispatcher.php(200): Controller->render()
#10 C:\xampp7.3\htdocs\cakephp-2.10.22\lib\Cake\Routing\Dispatcher.php(167): Dispatcher->_invoke(Object(UploadsController), Object(CakeRequest))
#11 C:\xampp7.3\htdocs\cakephp-2.10.22\app_varaprasad\webroot\index.php(117): Dispatcher->dispatch(Object(CakeRequest), Object(CakeResponse))
#12 {main}
2021-03-07 10:21:33 Error: [Error] Class 'PhpOffice\PhpSpreadsheet\Reader\Xlsx' not found
Request URL: /uploads/
Stack Trace:
#0 C:\xampp7.3\htdocs\cakephp-2.10.22\app_varaprasad\Controller\UploadsController.php(25): UploadsController->processFile(Array)
#1 [internal function]: UploadsController->index()
#2 C:\xampp7.3\htdocs\cakephp-2.10.22\lib\Cake\Controller\Controller.php(499): ReflectionMethod->invokeArgs(Object(UploadsController), Array)
#3 C:\xampp7.3\htdocs\cakephp-2.10.22\lib\Cake\Routing\Dispatcher.php(193): Controller->invokeAction(Object(CakeRequest))
#4 C:\xampp7.3\htdocs\cakephp-2.10.22\lib\Cake\Routing\Dispatcher.php(167): Dispatcher->_invoke(Object(UploadsController), Object(CakeRequest))
#5 C:\xampp7.3\htdocs\cakephp-2.10.22\app_varaprasad\webroot\index.php(117): Dispatcher->dispatch(Object(CakeRequest), Object(CakeResponse))
#6 {main}
2021-03-07 10:22:09 Error: [Error] Class 'PhpOffice\PhpSpreadsheet\Reader\Xlsx' not found
Request URL: /uploads/
Stack Trace:
#0 C:\xampp7.3\htdocs\cakephp-2.10.22\app_varaprasad\Controller\UploadsController.php(26): UploadsController->processFile(Array)
#1 [internal function]: UploadsController->index()
#2 C:\xampp7.3\htdocs\cakephp-2.10.22\lib\Cake\Controller\Controller.php(499): ReflectionMethod->invokeArgs(Object(UploadsController), Array)
#3 C:\xampp7.3\htdocs\cakephp-2.10.22\lib\Cake\Routing\Dispatcher.php(193): Controller->invokeAction(Object(CakeRequest))
#4 C:\xampp7.3\htdocs\cakephp-2.10.22\lib\Cake\Routing\Dispatcher.php(167): Dispatcher->_invoke(Object(UploadsController), Object(CakeRequest))
#5 C:\xampp7.3\htdocs\cakephp-2.10.22\app_varaprasad\webroot\index.php(117): Dispatcher->dispatch(Object(CakeRequest), Object(CakeResponse))
#6 {main}
2021-03-07 10:22:10 Error: [Error] Class 'PhpOffice\PhpSpreadsheet\Reader\Xlsx' not found
Request URL: /uploads/
Stack Trace:
#0 C:\xampp7.3\htdocs\cakephp-2.10.22\app_varaprasad\Controller\UploadsController.php(26): UploadsController->processFile(Array)
#1 [internal function]: UploadsController->index()
#2 C:\xampp7.3\htdocs\cakephp-2.10.22\lib\Cake\Controller\Controller.php(499): ReflectionMethod->invokeArgs(Object(UploadsController), Array)
#3 C:\xampp7.3\htdocs\cakephp-2.10.22\lib\Cake\Routing\Dispatcher.php(193): Controller->invokeAction(Object(CakeRequest))
#4 C:\xampp7.3\htdocs\cakephp-2.10.22\lib\Cake\Routing\Dispatcher.php(167): Dispatcher->_invoke(Object(UploadsController), Object(CakeRequest))
#5 C:\xampp7.3\htdocs\cakephp-2.10.22\app_varaprasad\webroot\index.php(117): Dispatcher->dispatch(Object(CakeRequest), Object(CakeResponse))
#6 {main}
2021-03-07 10:22:10 Error: [Error] Class 'PhpOffice\PhpSpreadsheet\Reader\Xlsx' not found
Request URL: /uploads/
Stack Trace:
#0 C:\xampp7.3\htdocs\cakephp-2.10.22\app_varaprasad\Controller\UploadsController.php(26): UploadsController->processFile(Array)
#1 [internal function]: UploadsController->index()
#2 C:\xampp7.3\htdocs\cakephp-2.10.22\lib\Cake\Controller\Controller.php(499): ReflectionMethod->invokeArgs(Object(UploadsController), Array)
#3 C:\xampp7.3\htdocs\cakephp-2.10.22\lib\Cake\Routing\Dispatcher.php(193): Controller->invokeAction(Object(CakeRequest))
#4 C:\xampp7.3\htdocs\cakephp-2.10.22\lib\Cake\Routing\Dispatcher.php(167): Dispatcher->_invoke(Object(UploadsController), Object(CakeRequest))
#5 C:\xampp7.3\htdocs\cakephp-2.10.22\app_varaprasad\webroot\index.php(117): Dispatcher->dispatch(Object(CakeRequest), Object(CakeResponse))
#6 {main}
2021-03-07 10:22:10 Error: [Error] Class 'PhpOffice\PhpSpreadsheet\Reader\Xlsx' not found
Request URL: /uploads/
Stack Trace:
#0 C:\xampp7.3\htdocs\cakephp-2.10.22\app_varaprasad\Controller\UploadsController.php(26): UploadsController->processFile(Array)
#1 [internal function]: UploadsController->index()
#2 C:\xampp7.3\htdocs\cakephp-2.10.22\lib\Cake\Controller\Controller.php(499): ReflectionMethod->invokeArgs(Object(UploadsController), Array)
#3 C:\xampp7.3\htdocs\cakephp-2.10.22\lib\Cake\Routing\Dispatcher.php(193): Controller->invokeAction(Object(CakeRequest))
#4 C:\xampp7.3\htdocs\cakephp-2.10.22\lib\Cake\Routing\Dispatcher.php(167): Dispatcher->_invoke(Object(UploadsController), Object(CakeRequest))
#5 C:\xampp7.3\htdocs\cakephp-2.10.22\app_varaprasad\webroot\index.php(117): Dispatcher->dispatch(Object(CakeRequest), Object(CakeResponse))
#6 {main}
2021-03-07 10:22:10 Error: [Error] Class 'PhpOffice\PhpSpreadsheet\Reader\Xlsx' not found
Request URL: /uploads/
Stack Trace:
#0 C:\xampp7.3\htdocs\cakephp-2.10.22\app_varaprasad\Controller\UploadsController.php(26): UploadsController->processFile(Array)
#1 [internal function]: UploadsController->index()
#2 C:\xampp7.3\htdocs\cakephp-2.10.22\lib\Cake\Controller\Controller.php(499): ReflectionMethod->invokeArgs(Object(UploadsController), Array)
#3 C:\xampp7.3\htdocs\cakephp-2.10.22\lib\Cake\Routing\Dispatcher.php(193): Controller->invokeAction(Object(CakeRequest))
#4 C:\xampp7.3\htdocs\cakephp-2.10.22\lib\Cake\Routing\Dispatcher.php(167): Dispatcher->_invoke(Object(UploadsController), Object(CakeRequest))
#5 C:\xampp7.3\htdocs\cakephp-2.10.22\app_varaprasad\webroot\index.php(117): Dispatcher->dispatch(Object(CakeRequest), Object(CakeResponse))
#6 {main}
2021-03-07 10:22:11 Error: [Error] Class 'PhpOffice\PhpSpreadsheet\Reader\Xlsx' not found
Request URL: /uploads/
Stack Trace:
#0 C:\xampp7.3\htdocs\cakephp-2.10.22\app_varaprasad\Controller\UploadsController.php(26): UploadsController->processFile(Array)
#1 [internal function]: UploadsController->index()
#2 C:\xampp7.3\htdocs\cakephp-2.10.22\lib\Cake\Controller\Controller.php(499): ReflectionMethod->invokeArgs(Object(UploadsController), Array)
#3 C:\xampp7.3\htdocs\cakephp-2.10.22\lib\Cake\Routing\Dispatcher.php(193): Controller->invokeAction(Object(CakeRequest))
#4 C:\xampp7.3\htdocs\cakephp-2.10.22\lib\Cake\Routing\Dispatcher.php(167): Dispatcher->_invoke(Object(UploadsController), Object(CakeRequest))
#5 C:\xampp7.3\htdocs\cakephp-2.10.22\app_varaprasad\webroot\index.php(117): Dispatcher->dispatch(Object(CakeRequest), Object(CakeResponse))
#6 {main}
2021-03-07 10:25:14 Error: [Error] Class 'PhpOffice\PhpSpreadsheet\IOFactory' not found
Request URL: /uploads/
Stack Trace:
#0 C:\xampp7.3\htdocs\cakephp-2.10.22\app_varaprasad\Controller\UploadsController.php(26): UploadsController->processFile(Array)
#1 [internal function]: UploadsController->index()
#2 C:\xampp7.3\htdocs\cakephp-2.10.22\lib\Cake\Controller\Controller.php(499): ReflectionMethod->invokeArgs(Object(UploadsController), Array)
#3 C:\xampp7.3\htdocs\cakephp-2.10.22\lib\Cake\Routing\Dispatcher.php(193): Controller->invokeAction(Object(CakeRequest))
#4 C:\xampp7.3\htdocs\cakephp-2.10.22\lib\Cake\Routing\Dispatcher.php(167): Dispatcher->_invoke(Object(UploadsController), Object(CakeRequest))
#5 C:\xampp7.3\htdocs\cakephp-2.10.22\app_varaprasad\webroot\index.php(117): Dispatcher->dispatch(Object(CakeRequest), Object(CakeResponse))
#6 {main}
2021-03-07 10:27:10 Error: [Error] Class 'PhpOffice\PhpSpreadsheet\IOFactory' not found
Request URL: /uploads/
Stack Trace:
#0 C:\xampp7.3\htdocs\cakephp-2.10.22\app_varaprasad\Controller\UploadsController.php(27): UploadsController->processFile(Array)
#1 [internal function]: UploadsController->index()
#2 C:\xampp7.3\htdocs\cakephp-2.10.22\lib\Cake\Controller\Controller.php(499): ReflectionMethod->invokeArgs(Object(UploadsController), Array)
#3 C:\xampp7.3\htdocs\cakephp-2.10.22\lib\Cake\Routing\Dispatcher.php(193): Controller->invokeAction(Object(CakeRequest))
#4 C:\xampp7.3\htdocs\cakephp-2.10.22\lib\Cake\Routing\Dispatcher.php(167): Dispatcher->_invoke(Object(UploadsController), Object(CakeRequest))
#5 C:\xampp7.3\htdocs\cakephp-2.10.22\app_varaprasad\webroot\index.php(117): Dispatcher->dispatch(Object(CakeRequest), Object(CakeResponse))
#6 {main}
2021-03-07 10:28:27 Error: [Error] Class 'PhpOffice\PhpSpreadsheet\IOFactory' not found
Request URL: /uploads/
Stack Trace:
#0 C:\xampp7.3\htdocs\cakephp-2.10.22\app_varaprasad\Controller\UploadsController.php(27): UploadsController->processFile(Array)
#1 [internal function]: UploadsController->index()
#2 C:\xampp7.3\htdocs\cakephp-2.10.22\lib\Cake\Controller\Controller.php(499): ReflectionMethod->invokeArgs(Object(UploadsController), Array)
#3 C:\xampp7.3\htdocs\cakephp-2.10.22\lib\Cake\Routing\Dispatcher.php(193): Controller->invokeAction(Object(CakeRequest))
#4 C:\xampp7.3\htdocs\cakephp-2.10.22\lib\Cake\Routing\Dispatcher.php(167): Dispatcher->_invoke(Object(UploadsController), Object(CakeRequest))
#5 C:\xampp7.3\htdocs\cakephp-2.10.22\app_varaprasad\webroot\index.php(117): Dispatcher->dispatch(Object(CakeRequest), Object(CakeResponse))
#6 {main}
2021-03-07 10:28:28 Error: [Error] Class 'PhpOffice\PhpSpreadsheet\IOFactory' not found
Request URL: /uploads/
Stack Trace:
#0 C:\xampp7.3\htdocs\cakephp-2.10.22\app_varaprasad\Controller\UploadsController.php(27): UploadsController->processFile(Array)
#1 [internal function]: UploadsController->index()
#2 C:\xampp7.3\htdocs\cakephp-2.10.22\lib\Cake\Controller\Controller.php(499): ReflectionMethod->invokeArgs(Object(UploadsController), Array)
#3 C:\xampp7.3\htdocs\cakephp-2.10.22\lib\Cake\Routing\Dispatcher.php(193): Controller->invokeAction(Object(CakeRequest))
#4 C:\xampp7.3\htdocs\cakephp-2.10.22\lib\Cake\Routing\Dispatcher.php(167): Dispatcher->_invoke(Object(UploadsController), Object(CakeRequest))
#5 C:\xampp7.3\htdocs\cakephp-2.10.22\app_varaprasad\webroot\index.php(117): Dispatcher->dispatch(Object(CakeRequest), Object(CakeResponse))
#6 {main}
2021-03-07 10:28:28 Error: [Error] Class 'PhpOffice\PhpSpreadsheet\IOFactory' not found
Request URL: /uploads/
Stack Trace:
#0 C:\xampp7.3\htdocs\cakephp-2.10.22\app_varaprasad\Controller\UploadsController.php(27): UploadsController->processFile(Array)
#1 [internal function]: UploadsController->index()
#2 C:\xampp7.3\htdocs\cakephp-2.10.22\lib\Cake\Controller\Controller.php(499): ReflectionMethod->invokeArgs(Object(UploadsController), Array)
#3 C:\xampp7.3\htdocs\cakephp-2.10.22\lib\Cake\Routing\Dispatcher.php(193): Controller->invokeAction(Object(CakeRequest))
#4 C:\xampp7.3\htdocs\cakephp-2.10.22\lib\Cake\Routing\Dispatcher.php(167): Dispatcher->_invoke(Object(UploadsController), Object(CakeRequest))
#5 C:\xampp7.3\htdocs\cakephp-2.10.22\app_varaprasad\webroot\index.php(117): Dispatcher->dispatch(Object(CakeRequest), Object(CakeResponse))
#6 {main}
2021-03-07 10:28:28 Error: [Error] Class 'PhpOffice\PhpSpreadsheet\IOFactory' not found
Request URL: /uploads/
Stack Trace:
#0 C:\xampp7.3\htdocs\cakephp-2.10.22\app_varaprasad\Controller\UploadsController.php(27): UploadsController->processFile(Array)
#1 [internal function]: UploadsController->index()
#2 C:\xampp7.3\htdocs\cakephp-2.10.22\lib\Cake\Controller\Controller.php(499): ReflectionMethod->invokeArgs(Object(UploadsController), Array)
#3 C:\xampp7.3\htdocs\cakephp-2.10.22\lib\Cake\Routing\Dispatcher.php(193): Controller->invokeAction(Object(CakeRequest))
#4 C:\xampp7.3\htdocs\cakephp-2.10.22\lib\Cake\Routing\Dispatcher.php(167): Dispatcher->_invoke(Object(UploadsController), Object(CakeRequest))
#5 C:\xampp7.3\htdocs\cakephp-2.10.22\app_varaprasad\webroot\index.php(117): Dispatcher->dispatch(Object(CakeRequest), Object(CakeResponse))
#6 {main}
2021-03-07 10:28:29 Error: [Error] Class 'PhpOffice\PhpSpreadsheet\IOFactory' not found
Request URL: /uploads/
Stack Trace:
#0 C:\xampp7.3\htdocs\cakephp-2.10.22\app_varaprasad\Controller\UploadsController.php(27): UploadsController->processFile(Array)
#1 [internal function]: UploadsController->index()
#2 C:\xampp7.3\htdocs\cakephp-2.10.22\lib\Cake\Controller\Controller.php(499): ReflectionMethod->invokeArgs(Object(UploadsController), Array)
#3 C:\xampp7.3\htdocs\cakephp-2.10.22\lib\Cake\Routing\Dispatcher.php(193): Controller->invokeAction(Object(CakeRequest))
#4 C:\xampp7.3\htdocs\cakephp-2.10.22\lib\Cake\Routing\Dispatcher.php(167): Dispatcher->_invoke(Object(UploadsController), Object(CakeRequest))
#5 C:\xampp7.3\htdocs\cakephp-2.10.22\app_varaprasad\webroot\index.php(117): Dispatcher->dispatch(Object(CakeRequest), Object(CakeResponse))
#6 {main}
2021-03-07 10:28:29 Error: [Error] Class 'PhpOffice\PhpSpreadsheet\IOFactory' not found
Request URL: /uploads/
Stack Trace:
#0 C:\xampp7.3\htdocs\cakephp-2.10.22\app_varaprasad\Controller\UploadsController.php(27): UploadsController->processFile(Array)
#1 [internal function]: UploadsController->index()
#2 C:\xampp7.3\htdocs\cakephp-2.10.22\lib\Cake\Controller\Controller.php(499): ReflectionMethod->invokeArgs(Object(UploadsController), Array)
#3 C:\xampp7.3\htdocs\cakephp-2.10.22\lib\Cake\Routing\Dispatcher.php(193): Controller->invokeAction(Object(CakeRequest))
#4 C:\xampp7.3\htdocs\cakephp-2.10.22\lib\Cake\Routing\Dispatcher.php(167): Dispatcher->_invoke(Object(UploadsController), Object(CakeRequest))
#5 C:\xampp7.3\htdocs\cakephp-2.10.22\app_varaprasad\webroot\index.php(117): Dispatcher->dispatch(Object(CakeRequest), Object(CakeResponse))
#6 {main}
2021-03-07 10:28:29 Error: [Error] Class 'PhpOffice\PhpSpreadsheet\IOFactory' not found
Request URL: /uploads/
Stack Trace:
#0 C:\xampp7.3\htdocs\cakephp-2.10.22\app_varaprasad\Controller\UploadsController.php(27): UploadsController->processFile(Array)
#1 [internal function]: UploadsController->index()
#2 C:\xampp7.3\htdocs\cakephp-2.10.22\lib\Cake\Controller\Controller.php(499): ReflectionMethod->invokeArgs(Object(UploadsController), Array)
#3 C:\xampp7.3\htdocs\cakephp-2.10.22\lib\Cake\Routing\Dispatcher.php(193): Controller->invokeAction(Object(CakeRequest))
#4 C:\xampp7.3\htdocs\cakephp-2.10.22\lib\Cake\Routing\Dispatcher.php(167): Dispatcher->_invoke(Object(UploadsController), Object(CakeRequest))
#5 C:\xampp7.3\htdocs\cakephp-2.10.22\app_varaprasad\webroot\index.php(117): Dispatcher->dispatch(Object(CakeRequest), Object(CakeResponse))
#6 {main}
2021-03-07 10:28:29 Error: [Error] Class 'PhpOffice\PhpSpreadsheet\IOFactory' not found
Request URL: /uploads/
Stack Trace:
#0 C:\xampp7.3\htdocs\cakephp-2.10.22\app_varaprasad\Controller\UploadsController.php(27): UploadsController->processFile(Array)
#1 [internal function]: UploadsController->index()
#2 C:\xampp7.3\htdocs\cakephp-2.10.22\lib\Cake\Controller\Controller.php(499): ReflectionMethod->invokeArgs(Object(UploadsController), Array)
#3 C:\xampp7.3\htdocs\cakephp-2.10.22\lib\Cake\Routing\Dispatcher.php(193): Controller->invokeAction(Object(CakeRequest))
#4 C:\xampp7.3\htdocs\cakephp-2.10.22\lib\Cake\Routing\Dispatcher.php(167): Dispatcher->_invoke(Object(UploadsController), Object(CakeRequest))
#5 C:\xampp7.3\htdocs\cakephp-2.10.22\app_varaprasad\webroot\index.php(117): Dispatcher->dispatch(Object(CakeRequest), Object(CakeResponse))
#6 {main}
2021-03-07 10:28:29 Error: [Error] Class 'PhpOffice\PhpSpreadsheet\IOFactory' not found
Request URL: /uploads/
Stack Trace:
#0 C:\xampp7.3\htdocs\cakephp-2.10.22\app_varaprasad\Controller\UploadsController.php(27): UploadsController->processFile(Array)
#1 [internal function]: UploadsController->index()
#2 C:\xampp7.3\htdocs\cakephp-2.10.22\lib\Cake\Controller\Controller.php(499): ReflectionMethod->invokeArgs(Object(UploadsController), Array)
#3 C:\xampp7.3\htdocs\cakephp-2.10.22\lib\Cake\Routing\Dispatcher.php(193): Controller->invokeAction(Object(CakeRequest))
#4 C:\xampp7.3\htdocs\cakephp-2.10.22\lib\Cake\Routing\Dispatcher.php(167): Dispatcher->_invoke(Object(UploadsController), Object(CakeRequest))
#5 C:\xampp7.3\htdocs\cakephp-2.10.22\app_varaprasad\webroot\index.php(117): Dispatcher->dispatch(Object(CakeRequest), Object(CakeResponse))
#6 {main}
2021-03-07 10:29:05 Error: [Error] Class 'PhpOffice\PhpSpreadsheet\IOFactory' not found
Request URL: /uploads/
Stack Trace:
#0 C:\xampp7.3\htdocs\cakephp-2.10.22\app_varaprasad\Controller\UploadsController.php(27): UploadsController->processFile(Array)
#1 [internal function]: UploadsController->index()
#2 C:\xampp7.3\htdocs\cakephp-2.10.22\lib\Cake\Controller\Controller.php(499): ReflectionMethod->invokeArgs(Object(UploadsController), Array)
#3 C:\xampp7.3\htdocs\cakephp-2.10.22\lib\Cake\Routing\Dispatcher.php(193): Controller->invokeAction(Object(CakeRequest))
#4 C:\xampp7.3\htdocs\cakephp-2.10.22\lib\Cake\Routing\Dispatcher.php(167): Dispatcher->_invoke(Object(UploadsController), Object(CakeRequest))
#5 C:\xampp7.3\htdocs\cakephp-2.10.22\app_varaprasad\webroot\index.php(117): Dispatcher->dispatch(Object(CakeRequest), Object(CakeResponse))
#6 {main}
2021-03-07 10:29:06 Error: [Error] Class 'PhpOffice\PhpSpreadsheet\IOFactory' not found
Request URL: /uploads/
Stack Trace:
#0 C:\xampp7.3\htdocs\cakephp-2.10.22\app_varaprasad\Controller\UploadsController.php(27): UploadsController->processFile(Array)
#1 [internal function]: UploadsController->index()
#2 C:\xampp7.3\htdocs\cakephp-2.10.22\lib\Cake\Controller\Controller.php(499): ReflectionMethod->invokeArgs(Object(UploadsController), Array)
#3 C:\xampp7.3\htdocs\cakephp-2.10.22\lib\Cake\Routing\Dispatcher.php(193): Controller->invokeAction(Object(CakeRequest))
#4 C:\xampp7.3\htdocs\cakephp-2.10.22\lib\Cake\Routing\Dispatcher.php(167): Dispatcher->_invoke(Object(UploadsController), Object(CakeRequest))
#5 C:\xampp7.3\htdocs\cakephp-2.10.22\app_varaprasad\webroot\index.php(117): Dispatcher->dispatch(Object(CakeRequest), Object(CakeResponse))
#6 {main}
2021-03-07 10:29:06 Error: [Error] Class 'PhpOffice\PhpSpreadsheet\IOFactory' not found
Request URL: /uploads/
Stack Trace:
#0 C:\xampp7.3\htdocs\cakephp-2.10.22\app_varaprasad\Controller\UploadsController.php(27): UploadsController->processFile(Array)
#1 [internal function]: UploadsController->index()
#2 C:\xampp7.3\htdocs\cakephp-2.10.22\lib\Cake\Controller\Controller.php(499): ReflectionMethod->invokeArgs(Object(UploadsController), Array)
#3 C:\xampp7.3\htdocs\cakephp-2.10.22\lib\Cake\Routing\Dispatcher.php(193): Controller->invokeAction(Object(CakeRequest))
#4 C:\xampp7.3\htdocs\cakephp-2.10.22\lib\Cake\Routing\Dispatcher.php(167): Dispatcher->_invoke(Object(UploadsController), Object(CakeRequest))
#5 C:\xampp7.3\htdocs\cakephp-2.10.22\app_varaprasad\webroot\index.php(117): Dispatcher->dispatch(Object(CakeRequest), Object(CakeResponse))
#6 {main}
2021-03-07 10:29:06 Error: [Error] Class 'PhpOffice\PhpSpreadsheet\IOFactory' not found
Request URL: /uploads/
Stack Trace:
#0 C:\xampp7.3\htdocs\cakephp-2.10.22\app_varaprasad\Controller\UploadsController.php(27): UploadsController->processFile(Array)
#1 [internal function]: UploadsController->index()
#2 C:\xampp7.3\htdocs\cakephp-2.10.22\lib\Cake\Controller\Controller.php(499): ReflectionMethod->invokeArgs(Object(UploadsController), Array)
#3 C:\xampp7.3\htdocs\cakephp-2.10.22\lib\Cake\Routing\Dispatcher.php(193): Controller->invokeAction(Object(CakeRequest))
#4 C:\xampp7.3\htdocs\cakephp-2.10.22\lib\Cake\Routing\Dispatcher.php(167): Dispatcher->_invoke(Object(UploadsController), Object(CakeRequest))
#5 C:\xampp7.3\htdocs\cakephp-2.10.22\app_varaprasad\webroot\index.php(117): Dispatcher->dispatch(Object(CakeRequest), Object(CakeResponse))
#6 {main}
2021-03-07 10:31:24 Error: [Error] Class 'PhpOffice\PhpSpreadsheet\IOFactory' not found
Request URL: /uploads/
Stack Trace:
#0 C:\xampp7.3\htdocs\cakephp-2.10.22\app_varaprasad\Controller\UploadsController.php(27): UploadsController->processFile(Array)
#1 [internal function]: UploadsController->index()
#2 C:\xampp7.3\htdocs\cakephp-2.10.22\lib\Cake\Controller\Controller.php(499): ReflectionMethod->invokeArgs(Object(UploadsController), Array)
#3 C:\xampp7.3\htdocs\cakephp-2.10.22\lib\Cake\Routing\Dispatcher.php(193): Controller->invokeAction(Object(CakeRequest))
#4 C:\xampp7.3\htdocs\cakephp-2.10.22\lib\Cake\Routing\Dispatcher.php(167): Dispatcher->_invoke(Object(UploadsController), Object(CakeRequest))
#5 C:\xampp7.3\htdocs\cakephp-2.10.22\app_varaprasad\webroot\index.php(117): Dispatcher->dispatch(Object(CakeRequest), Object(CakeResponse))
#6 {main}
2021-03-07 10:31:45 Error: [Error] Class 'PhpOffice\PhpSpreadsheet\IOFactory' not found
Request URL: /uploads/
Stack Trace:
#0 C:\xampp7.3\htdocs\cakephp-2.10.22\app_varaprasad\Controller\UploadsController.php(27): UploadsController->processFile(Array)
#1 [internal function]: UploadsController->index()
#2 C:\xampp7.3\htdocs\cakephp-2.10.22\lib\Cake\Controller\Controller.php(499): ReflectionMethod->invokeArgs(Object(UploadsController), Array)
#3 C:\xampp7.3\htdocs\cakephp-2.10.22\lib\Cake\Routing\Dispatcher.php(193): Controller->invokeAction(Object(CakeRequest))
#4 C:\xampp7.3\htdocs\cakephp-2.10.22\lib\Cake\Routing\Dispatcher.php(167): Dispatcher->_invoke(Object(UploadsController), Object(CakeRequest))
#5 C:\xampp7.3\htdocs\cakephp-2.10.22\app_varaprasad\webroot\index.php(117): Dispatcher->dispatch(Object(CakeRequest), Object(CakeResponse))
#6 {main}
2021-03-07 10:31:51 Error: [Error] Class 'PhpOffice\PhpSpreadsheet\IOFactory' not found
Request URL: /uploads/
Stack Trace:
#0 C:\xampp7.3\htdocs\cakephp-2.10.22\app_varaprasad\Controller\UploadsController.php(27): UploadsController->processFile(Array)
#1 [internal function]: UploadsController->index()
#2 C:\xampp7.3\htdocs\cakephp-2.10.22\lib\Cake\Controller\Controller.php(499): ReflectionMethod->invokeArgs(Object(UploadsController), Array)
#3 C:\xampp7.3\htdocs\cakephp-2.10.22\lib\Cake\Routing\Dispatcher.php(193): Controller->invokeAction(Object(CakeRequest))
#4 C:\xampp7.3\htdocs\cakephp-2.10.22\lib\Cake\Routing\Dispatcher.php(167): Dispatcher->_invoke(Object(UploadsController), Object(CakeRequest))
#5 C:\xampp7.3\htdocs\cakephp-2.10.22\app_varaprasad\webroot\index.php(117): Dispatcher->dispatch(Object(CakeRequest), Object(CakeResponse))
#6 {main}
2021-03-07 10:34:19 Error: Fatal Error (64): require_once() [<a href='http://php.net/function.require'>function.require</a>]: Failed opening required 'C:\xampp7.3\htdocs\cakephp-2.10.22\vendors\\phpoffice\phpspreadsheet\src\PhpSpreadsheet\IOFactory' (include_path='C:\xampp7.3\htdocs\cakephp-2.10.22\lib;C:\xampp7.3\php\PEAR') in [C:\xampp7.3\htdocs\cakephp-2.10.22\app_varaprasad\Controller\UploadsController.php, line 36]
2021-03-07 10:34:19 Error: [FatalErrorException] require_once() [<a href='http://php.net/function.require'>function.require</a>]: Failed opening required 'C:\xampp7.3\htdocs\cakephp-2.10.22\vendors\\phpoffice\phpspreadsheet\src\PhpSpreadsheet\IOFactory' (include_path='C:\xampp7.3\htdocs\cakephp-2.10.22\lib;C:\xampp7.3\php\PEAR')
Request URL: /uploads/
Stack Trace:
#0 C:\xampp7.3\htdocs\cakephp-2.10.22\lib\Cake\Error\ErrorHandler.php(212): ErrorHandler::handleFatalError(64, 'require_once() ...', 'C:\\xampp7.3\\htd...', 36)
#1 C:\xampp7.3\htdocs\cakephp-2.10.22\lib\Cake\Core\App.php(970): ErrorHandler::handleError(64, 'require_once() ...', 'C:\\xampp7.3\\htd...', 36, Array)
#2 C:\xampp7.3\htdocs\cakephp-2.10.22\lib\Cake\Core\App.php(943): App::_checkFatalError()
#3 [internal function]: App::shutdown()
#4 {main}
2021-03-07 10:34:36 Error: Fatal Error (64): require_once() [<a href='http://php.net/function.require'>function.require</a>]: Failed opening required 'C:\xampp7.3\htdocs\cakephp-2.10.22\vendors\phpoffice\phpspreadsheet\src\PhpSpreadsheet\IOFactory' (include_path='C:\xampp7.3\htdocs\cakephp-2.10.22\lib;C:\xampp7.3\php\PEAR') in [C:\xampp7.3\htdocs\cakephp-2.10.22\app_varaprasad\Controller\UploadsController.php, line 36]
2021-03-07 10:34:36 Error: [FatalErrorException] require_once() [<a href='http://php.net/function.require'>function.require</a>]: Failed opening required 'C:\xampp7.3\htdocs\cakephp-2.10.22\vendors\phpoffice\phpspreadsheet\src\PhpSpreadsheet\IOFactory' (include_path='C:\xampp7.3\htdocs\cakephp-2.10.22\lib;C:\xampp7.3\php\PEAR')
Request URL: /uploads/
Stack Trace:
#0 C:\xampp7.3\htdocs\cakephp-2.10.22\lib\Cake\Error\ErrorHandler.php(212): ErrorHandler::handleFatalError(64, 'require_once() ...', 'C:\\xampp7.3\\htd...', 36)
#1 C:\xampp7.3\htdocs\cakephp-2.10.22\lib\Cake\Core\App.php(970): ErrorHandler::handleError(64, 'require_once() ...', 'C:\\xampp7.3\\htd...', 36, Array)
#2 C:\xampp7.3\htdocs\cakephp-2.10.22\lib\Cake\Core\App.php(943): App::_checkFatalError()
#3 [internal function]: App::shutdown()
#4 {main}
2021-03-07 10:35:08 Error: [Error] Class 'IOFactory' not found
Request URL: /uploads/
Stack Trace:
#0 C:\xampp7.3\htdocs\cakephp-2.10.22\app_varaprasad\Controller\UploadsController.php(27): UploadsController->processFile(Array)
#1 [internal function]: UploadsController->index()
#2 C:\xampp7.3\htdocs\cakephp-2.10.22\lib\Cake\Controller\Controller.php(499): ReflectionMethod->invokeArgs(Object(UploadsController), Array)
#3 C:\xampp7.3\htdocs\cakephp-2.10.22\lib\Cake\Routing\Dispatcher.php(193): Controller->invokeAction(Object(CakeRequest))
#4 C:\xampp7.3\htdocs\cakephp-2.10.22\lib\Cake\Routing\Dispatcher.php(167): Dispatcher->_invoke(Object(UploadsController), Object(CakeRequest))
#5 C:\xampp7.3\htdocs\cakephp-2.10.22\app_varaprasad\webroot\index.php(117): Dispatcher->dispatch(Object(CakeRequest), Object(CakeResponse))
#6 {main}
2021-03-07 10:35:30 Error: [Error] Class 'IOFactory' not found
Request URL: /uploads/
Stack Trace:
#0 C:\xampp7.3\htdocs\cakephp-2.10.22\app_varaprasad\Controller\UploadsController.php(27): UploadsController->processFile(Array)
#1 [internal function]: UploadsController->index()
#2 C:\xampp7.3\htdocs\cakephp-2.10.22\lib\Cake\Controller\Controller.php(499): ReflectionMethod->invokeArgs(Object(UploadsController), Array)
#3 C:\xampp7.3\htdocs\cakephp-2.10.22\lib\Cake\Routing\Dispatcher.php(193): Controller->invokeAction(Object(CakeRequest))
#4 C:\xampp7.3\htdocs\cakephp-2.10.22\lib\Cake\Routing\Dispatcher.php(167): Dispatcher->_invoke(Object(UploadsController), Object(CakeRequest))
#5 C:\xampp7.3\htdocs\cakephp-2.10.22\app_varaprasad\webroot\index.php(117): Dispatcher->dispatch(Object(CakeRequest), Object(CakeResponse))
#6 {main}
2021-03-07 10:38:37 Error: [Error] Class 'IOFactory' not found
Request URL: /uploads/
Stack Trace:
#0 C:\xampp7.3\htdocs\cakephp-2.10.22\app_varaprasad\Controller\UploadsController.php(27): UploadsController->processFile(Array)
#1 [internal function]: UploadsController->index()
#2 C:\xampp7.3\htdocs\cakephp-2.10.22\lib\Cake\Controller\Controller.php(499): ReflectionMethod->invokeArgs(Object(UploadsController), Array)
#3 C:\xampp7.3\htdocs\cakephp-2.10.22\lib\Cake\Routing\Dispatcher.php(193): Controller->invokeAction(Object(CakeRequest))
#4 C:\xampp7.3\htdocs\cakephp-2.10.22\lib\Cake\Routing\Dispatcher.php(167): Dispatcher->_invoke(Object(UploadsController), Object(CakeRequest))
#5 C:\xampp7.3\htdocs\cakephp-2.10.22\app_varaprasad\webroot\index.php(117): Dispatcher->dispatch(Object(CakeRequest), Object(CakeResponse))
#6 {main}
2021-03-07 10:38:48 Error: [Error] Class 'IOFactory' not found
Request URL: /uploads/
Stack Trace:
#0 C:\xampp7.3\htdocs\cakephp-2.10.22\app_varaprasad\Controller\UploadsController.php(27): UploadsController->processFile(Array)
#1 [internal function]: UploadsController->index()
#2 C:\xampp7.3\htdocs\cakephp-2.10.22\lib\Cake\Controller\Controller.php(499): ReflectionMethod->invokeArgs(Object(UploadsController), Array)
#3 C:\xampp7.3\htdocs\cakephp-2.10.22\lib\Cake\Routing\Dispatcher.php(193): Controller->invokeAction(Object(CakeRequest))
#4 C:\xampp7.3\htdocs\cakephp-2.10.22\lib\Cake\Routing\Dispatcher.php(167): Dispatcher->_invoke(Object(UploadsController), Object(CakeRequest))
#5 C:\xampp7.3\htdocs\cakephp-2.10.22\app_varaprasad\webroot\index.php(117): Dispatcher->dispatch(Object(CakeRequest), Object(CakeResponse))
#6 {main}
2021-03-07 10:40:44 Error: [Error] Class 'IOFactory' not found
Request URL: /uploads/
Stack Trace:
#0 C:\xampp7.3\htdocs\cakephp-2.10.22\app_varaprasad\Controller\UploadsController.php(27): UploadsController->processFile(Array)
#1 [internal function]: UploadsController->index()
#2 C:\xampp7.3\htdocs\cakephp-2.10.22\lib\Cake\Controller\Controller.php(499): ReflectionMethod->invokeArgs(Object(UploadsController), Array)
#3 C:\xampp7.3\htdocs\cakephp-2.10.22\lib\Cake\Routing\Dispatcher.php(193): Controller->invokeAction(Object(CakeRequest))
#4 C:\xampp7.3\htdocs\cakephp-2.10.22\lib\Cake\Routing\Dispatcher.php(167): Dispatcher->_invoke(Object(UploadsController), Object(CakeRequest))
#5 C:\xampp7.3\htdocs\cakephp-2.10.22\app_varaprasad\webroot\index.php(117): Dispatcher->dispatch(Object(CakeRequest), Object(CakeResponse))
#6 {main}
2021-03-07 10:40:45 Error: [Error] Class 'IOFactory' not found
Request URL: /uploads/
Stack Trace:
#0 C:\xampp7.3\htdocs\cakephp-2.10.22\app_varaprasad\Controller\UploadsController.php(27): UploadsController->processFile(Array)
#1 [internal function]: UploadsController->index()
#2 C:\xampp7.3\htdocs\cakephp-2.10.22\lib\Cake\Controller\Controller.php(499): ReflectionMethod->invokeArgs(Object(UploadsController), Array)
#3 C:\xampp7.3\htdocs\cakephp-2.10.22\lib\Cake\Routing\Dispatcher.php(193): Controller->invokeAction(Object(CakeRequest))
#4 C:\xampp7.3\htdocs\cakephp-2.10.22\lib\Cake\Routing\Dispatcher.php(167): Dispatcher->_invoke(Object(UploadsController), Object(CakeRequest))
#5 C:\xampp7.3\htdocs\cakephp-2.10.22\app_varaprasad\webroot\index.php(117): Dispatcher->dispatch(Object(CakeRequest), Object(CakeResponse))
#6 {main}
2021-03-07 10:40:46 Error: [Error] Class 'IOFactory' not found
Request URL: /uploads/
Stack Trace:
#0 C:\xampp7.3\htdocs\cakephp-2.10.22\app_varaprasad\Controller\UploadsController.php(27): UploadsController->processFile(Array)
#1 [internal function]: UploadsController->index()
#2 C:\xampp7.3\htdocs\cakephp-2.10.22\lib\Cake\Controller\Controller.php(499): ReflectionMethod->invokeArgs(Object(UploadsController), Array)
#3 C:\xampp7.3\htdocs\cakephp-2.10.22\lib\Cake\Routing\Dispatcher.php(193): Controller->invokeAction(Object(CakeRequest))
#4 C:\xampp7.3\htdocs\cakephp-2.10.22\lib\Cake\Routing\Dispatcher.php(167): Dispatcher->_invoke(Object(UploadsController), Object(CakeRequest))
#5 C:\xampp7.3\htdocs\cakephp-2.10.22\app_varaprasad\webroot\index.php(117): Dispatcher->dispatch(Object(CakeRequest), Object(CakeResponse))
#6 {main}
2021-03-07 10:40:46 Error: [Error] Class 'IOFactory' not found
Request URL: /uploads/
Stack Trace:
#0 C:\xampp7.3\htdocs\cakephp-2.10.22\app_varaprasad\Controller\UploadsController.php(27): UploadsController->processFile(Array)
#1 [internal function]: UploadsController->index()
#2 C:\xampp7.3\htdocs\cakephp-2.10.22\lib\Cake\Controller\Controller.php(499): ReflectionMethod->invokeArgs(Object(UploadsController), Array)
#3 C:\xampp7.3\htdocs\cakephp-2.10.22\lib\Cake\Routing\Dispatcher.php(193): Controller->invokeAction(Object(CakeRequest))
#4 C:\xampp7.3\htdocs\cakephp-2.10.22\lib\Cake\Routing\Dispatcher.php(167): Dispatcher->_invoke(Object(UploadsController), Object(CakeRequest))
#5 C:\xampp7.3\htdocs\cakephp-2.10.22\app_varaprasad\webroot\index.php(117): Dispatcher->dispatch(Object(CakeRequest), Object(CakeResponse))
#6 {main}
2021-03-07 10:40:46 Error: [Error] Class 'IOFactory' not found
Request URL: /uploads/
Stack Trace:
#0 C:\xampp7.3\htdocs\cakephp-2.10.22\app_varaprasad\Controller\UploadsController.php(27): UploadsController->processFile(Array)
#1 [internal function]: UploadsController->index()
#2 C:\xampp7.3\htdocs\cakephp-2.10.22\lib\Cake\Controller\Controller.php(499): ReflectionMethod->invokeArgs(Object(UploadsController), Array)
#3 C:\xampp7.3\htdocs\cakephp-2.10.22\lib\Cake\Routing\Dispatcher.php(193): Controller->invokeAction(Object(CakeRequest))
#4 C:\xampp7.3\htdocs\cakephp-2.10.22\lib\Cake\Routing\Dispatcher.php(167): Dispatcher->_invoke(Object(UploadsController), Object(CakeRequest))
#5 C:\xampp7.3\htdocs\cakephp-2.10.22\app_varaprasad\webroot\index.php(117): Dispatcher->dispatch(Object(CakeRequest), Object(CakeResponse))
#6 {main}
2021-03-07 10:40:46 Error: [Error] Class 'IOFactory' not found
Request URL: /uploads/
Stack Trace:
#0 C:\xampp7.3\htdocs\cakephp-2.10.22\app_varaprasad\Controller\UploadsController.php(27): UploadsController->processFile(Array)
#1 [internal function]: UploadsController->index()
#2 C:\xampp7.3\htdocs\cakephp-2.10.22\lib\Cake\Controller\Controller.php(499): ReflectionMethod->invokeArgs(Object(UploadsController), Array)
#3 C:\xampp7.3\htdocs\cakephp-2.10.22\lib\Cake\Routing\Dispatcher.php(193): Controller->invokeAction(Object(CakeRequest))
#4 C:\xampp7.3\htdocs\cakephp-2.10.22\lib\Cake\Routing\Dispatcher.php(167): Dispatcher->_invoke(Object(UploadsController), Object(CakeRequest))
#5 C:\xampp7.3\htdocs\cakephp-2.10.22\app_varaprasad\webroot\index.php(117): Dispatcher->dispatch(Object(CakeRequest), Object(CakeResponse))
#6 {main}
2021-03-07 10:40:46 Error: [Error] Class 'IOFactory' not found
Request URL: /uploads/
Stack Trace:
#0 C:\xampp7.3\htdocs\cakephp-2.10.22\app_varaprasad\Controller\UploadsController.php(27): UploadsController->processFile(Array)
#1 [internal function]: UploadsController->index()
#2 C:\xampp7.3\htdocs\cakephp-2.10.22\lib\Cake\Controller\Controller.php(499): ReflectionMethod->invokeArgs(Object(UploadsController), Array)
#3 C:\xampp7.3\htdocs\cakephp-2.10.22\lib\Cake\Routing\Dispatcher.php(193): Controller->invokeAction(Object(CakeRequest))
#4 C:\xampp7.3\htdocs\cakephp-2.10.22\lib\Cake\Routing\Dispatcher.php(167): Dispatcher->_invoke(Object(UploadsController), Object(CakeRequest))
#5 C:\xampp7.3\htdocs\cakephp-2.10.22\app_varaprasad\webroot\index.php(117): Dispatcher->dispatch(Object(CakeRequest), Object(CakeResponse))
#6 {main}
2021-03-07 10:40:47 Error: [Error] Class 'IOFactory' not found
Request URL: /uploads/
Stack Trace:
#0 C:\xampp7.3\htdocs\cakephp-2.10.22\app_varaprasad\Controller\UploadsController.php(27): UploadsController->processFile(Array)
#1 [internal function]: UploadsController->index()
#2 C:\xampp7.3\htdocs\cakephp-2.10.22\lib\Cake\Controller\Controller.php(499): ReflectionMethod->invokeArgs(Object(UploadsController), Array)
#3 C:\xampp7.3\htdocs\cakephp-2.10.22\lib\Cake\Routing\Dispatcher.php(193): Controller->invokeAction(Object(CakeRequest))
#4 C:\xampp7.3\htdocs\cakephp-2.10.22\lib\Cake\Routing\Dispatcher.php(167): Dispatcher->_invoke(Object(UploadsController), Object(CakeRequest))
#5 C:\xampp7.3\htdocs\cakephp-2.10.22\app_varaprasad\webroot\index.php(117): Dispatcher->dispatch(Object(CakeRequest), Object(CakeResponse))
#6 {main}
2021-03-07 10:41:01 Error: [Error] Class 'IOFactory' not found
Request URL: /uploads/
Stack Trace:
#0 C:\xampp7.3\htdocs\cakephp-2.10.22\app_varaprasad\Controller\UploadsController.php(27): UploadsController->processFile(Array)
#1 [internal function]: UploadsController->index()
#2 C:\xampp7.3\htdocs\cakephp-2.10.22\lib\Cake\Controller\Controller.php(499): ReflectionMethod->invokeArgs(Object(UploadsController), Array)
#3 C:\xampp7.3\htdocs\cakephp-2.10.22\lib\Cake\Routing\Dispatcher.php(193): Controller->invokeAction(Object(CakeRequest))
#4 C:\xampp7.3\htdocs\cakephp-2.10.22\lib\Cake\Routing\Dispatcher.php(167): Dispatcher->_invoke(Object(UploadsController), Object(CakeRequest))
#5 C:\xampp7.3\htdocs\cakephp-2.10.22\app_varaprasad\webroot\index.php(117): Dispatcher->dispatch(Object(CakeRequest), Object(CakeResponse))
#6 {main}
2021-03-07 10:41:02 Error: [Error] Class 'IOFactory' not found
Request URL: /uploads/
Stack Trace:
#0 C:\xampp7.3\htdocs\cakephp-2.10.22\app_varaprasad\Controller\UploadsController.php(27): UploadsController->processFile(Array)
#1 [internal function]: UploadsController->index()
#2 C:\xampp7.3\htdocs\cakephp-2.10.22\lib\Cake\Controller\Controller.php(499): ReflectionMethod->invokeArgs(Object(UploadsController), Array)
#3 C:\xampp7.3\htdocs\cakephp-2.10.22\lib\Cake\Routing\Dispatcher.php(193): Controller->invokeAction(Object(CakeRequest))
#4 C:\xampp7.3\htdocs\cakephp-2.10.22\lib\Cake\Routing\Dispatcher.php(167): Dispatcher->_invoke(Object(UploadsController), Object(CakeRequest))
#5 C:\xampp7.3\htdocs\cakephp-2.10.22\app_varaprasad\webroot\index.php(117): Dispatcher->dispatch(Object(CakeRequest), Object(CakeResponse))
#6 {main}
2021-03-07 10:41:02 Error: [Error] Class 'IOFactory' not found
Request URL: /uploads/
Stack Trace:
#0 C:\xampp7.3\htdocs\cakephp-2.10.22\app_varaprasad\Controller\UploadsController.php(27): UploadsController->processFile(Array)
#1 [internal function]: UploadsController->index()
#2 C:\xampp7.3\htdocs\cakephp-2.10.22\lib\Cake\Controller\Controller.php(499): ReflectionMethod->invokeArgs(Object(UploadsController), Array)
#3 C:\xampp7.3\htdocs\cakephp-2.10.22\lib\Cake\Routing\Dispatcher.php(193): Controller->invokeAction(Object(CakeRequest))
#4 C:\xampp7.3\htdocs\cakephp-2.10.22\lib\Cake\Routing\Dispatcher.php(167): Dispatcher->_invoke(Object(UploadsController), Object(CakeRequest))
#5 C:\xampp7.3\htdocs\cakephp-2.10.22\app_varaprasad\webroot\index.php(117): Dispatcher->dispatch(Object(CakeRequest), Object(CakeResponse))
#6 {main}
2021-03-07 10:41:03 Error: [Error] Class 'IOFactory' not found
Request URL: /uploads/
Stack Trace:
#0 C:\xampp7.3\htdocs\cakephp-2.10.22\app_varaprasad\Controller\UploadsController.php(27): UploadsController->processFile(Array)
#1 [internal function]: UploadsController->index()
#2 C:\xampp7.3\htdocs\cakephp-2.10.22\lib\Cake\Controller\Controller.php(499): ReflectionMethod->invokeArgs(Object(UploadsController), Array)
#3 C:\xampp7.3\htdocs\cakephp-2.10.22\lib\Cake\Routing\Dispatcher.php(193): Controller->invokeAction(Object(CakeRequest))
#4 C:\xampp7.3\htdocs\cakephp-2.10.22\lib\Cake\Routing\Dispatcher.php(167): Dispatcher->_invoke(Object(UploadsController), Object(CakeRequest))
#5 C:\xampp7.3\htdocs\cakephp-2.10.22\app_varaprasad\webroot\index.php(117): Dispatcher->dispatch(Object(CakeRequest), Object(CakeResponse))
#6 {main}
2021-03-07 10:41:03 Error: [Error] Class 'IOFactory' not found
Request URL: /uploads/
Stack Trace:
#0 C:\xampp7.3\htdocs\cakephp-2.10.22\app_varaprasad\Controller\UploadsController.php(27): UploadsController->processFile(Array)
#1 [internal function]: UploadsController->index()
#2 C:\xampp7.3\htdocs\cakephp-2.10.22\lib\Cake\Controller\Controller.php(499): ReflectionMethod->invokeArgs(Object(UploadsController), Array)
#3 C:\xampp7.3\htdocs\cakephp-2.10.22\lib\Cake\Routing\Dispatcher.php(193): Controller->invokeAction(Object(CakeRequest))
#4 C:\xampp7.3\htdocs\cakephp-2.10.22\lib\Cake\Routing\Dispatcher.php(167): Dispatcher->_invoke(Object(UploadsController), Object(CakeRequest))
#5 C:\xampp7.3\htdocs\cakephp-2.10.22\app_varaprasad\webroot\index.php(117): Dispatcher->dispatch(Object(CakeRequest), Object(CakeResponse))
#6 {main}
2021-03-07 10:41:03 Error: [Error] Class 'IOFactory' not found
Request URL: /uploads/
Stack Trace:
#0 C:\xampp7.3\htdocs\cakephp-2.10.22\app_varaprasad\Controller\UploadsController.php(27): UploadsController->processFile(Array)
#1 [internal function]: UploadsController->index()
#2 C:\xampp7.3\htdocs\cakephp-2.10.22\lib\Cake\Controller\Controller.php(499): ReflectionMethod->invokeArgs(Object(UploadsController), Array)
#3 C:\xampp7.3\htdocs\cakephp-2.10.22\lib\Cake\Routing\Dispatcher.php(193): Controller->invokeAction(Object(CakeRequest))
#4 C:\xampp7.3\htdocs\cakephp-2.10.22\lib\Cake\Routing\Dispatcher.php(167): Dispatcher->_invoke(Object(UploadsController), Object(CakeRequest))
#5 C:\xampp7.3\htdocs\cakephp-2.10.22\app_varaprasad\webroot\index.php(117): Dispatcher->dispatch(Object(CakeRequest), Object(CakeResponse))
#6 {main}
2021-03-07 10:41:41 Error: [Error] Class 'IOFactory' not found
Request URL: /uploads/
Stack Trace:
#0 C:\xampp7.3\htdocs\cakephp-2.10.22\app_varaprasad\Controller\UploadsController.php(27): UploadsController->processFile(Array)
#1 [internal function]: UploadsController->index()
#2 C:\xampp7.3\htdocs\cakephp-2.10.22\lib\Cake\Controller\Controller.php(499): ReflectionMethod->invokeArgs(Object(UploadsController), Array)
#3 C:\xampp7.3\htdocs\cakephp-2.10.22\lib\Cake\Routing\Dispatcher.php(193): Controller->invokeAction(Object(CakeRequest))
#4 C:\xampp7.3\htdocs\cakephp-2.10.22\lib\Cake\Routing\Dispatcher.php(167): Dispatcher->_invoke(Object(UploadsController), Object(CakeRequest))
#5 C:\xampp7.3\htdocs\cakephp-2.10.22\app_varaprasad\webroot\index.php(117): Dispatcher->dispatch(Object(CakeRequest), Object(CakeResponse))
#6 {main}
2021-03-07 10:41:44 Error: [Error] Class 'IOFactory' not found
Request URL: /uploads/
Stack Trace:
#0 C:\xampp7.3\htdocs\cakephp-2.10.22\app_varaprasad\Controller\UploadsController.php(27): UploadsController->processFile(Array)
#1 [internal function]: UploadsController->index()
#2 C:\xampp7.3\htdocs\cakephp-2.10.22\lib\Cake\Controller\Controller.php(499): ReflectionMethod->invokeArgs(Object(UploadsController), Array)
#3 C:\xampp7.3\htdocs\cakephp-2.10.22\lib\Cake\Routing\Dispatcher.php(193): Controller->invokeAction(Object(CakeRequest))
#4 C:\xampp7.3\htdocs\cakephp-2.10.22\lib\Cake\Routing\Dispatcher.php(167): Dispatcher->_invoke(Object(UploadsController), Object(CakeRequest))
#5 C:\xampp7.3\htdocs\cakephp-2.10.22\app_varaprasad\webroot\index.php(117): Dispatcher->dispatch(Object(CakeRequest), Object(CakeResponse))
#6 {main}
2021-03-07 10:42:31 Error: [Error] Class 'PhpOffice\PhpSpreadsheet\IOFactory' not found
Request URL: /uploads/
Stack Trace:
#0 C:\xampp7.3\htdocs\cakephp-2.10.22\app_varaprasad\Controller\UploadsController.php(27): UploadsController->processFile(Array)
#1 [internal function]: UploadsController->index()
#2 C:\xampp7.3\htdocs\cakephp-2.10.22\lib\Cake\Controller\Controller.php(499): ReflectionMethod->invokeArgs(Object(UploadsController), Array)
#3 C:\xampp7.3\htdocs\cakephp-2.10.22\lib\Cake\Routing\Dispatcher.php(193): Controller->invokeAction(Object(CakeRequest))
#4 C:\xampp7.3\htdocs\cakephp-2.10.22\lib\Cake\Routing\Dispatcher.php(167): Dispatcher->_invoke(Object(UploadsController), Object(CakeRequest))
#5 C:\xampp7.3\htdocs\cakephp-2.10.22\app_varaprasad\webroot\index.php(117): Dispatcher->dispatch(Object(CakeRequest), Object(CakeResponse))
#6 {main}
2021-03-07 10:43:44 Error: [Error] Class 'PhpOffice\PhpSpreadsheet\IOFactory' not found
Request URL: /uploads/
Stack Trace:
#0 C:\xampp7.3\htdocs\cakephp-2.10.22\app_varaprasad\Controller\UploadsController.php(27): UploadsController->processFile(Array)
#1 [internal function]: UploadsController->index()
#2 C:\xampp7.3\htdocs\cakephp-2.10.22\lib\Cake\Controller\Controller.php(499): ReflectionMethod->invokeArgs(Object(UploadsController), Array)
#3 C:\xampp7.3\htdocs\cakephp-2.10.22\lib\Cake\Routing\Dispatcher.php(193): Controller->invokeAction(Object(CakeRequest))
#4 C:\xampp7.3\htdocs\cakephp-2.10.22\lib\Cake\Routing\Dispatcher.php(167): Dispatcher->_invoke(Object(UploadsController), Object(CakeRequest))
#5 C:\xampp7.3\htdocs\cakephp-2.10.22\app_varaprasad\webroot\index.php(117): Dispatcher->dispatch(Object(CakeRequest), Object(CakeResponse))
#6 {main}
2021-03-07 10:44:33 Error: [Error] Class 'PhpOffice\PhpSpreadsheet\IOFactory' not found
Request URL: /uploads/
Stack Trace:
#0 C:\xampp7.3\htdocs\cakephp-2.10.22\app_varaprasad\Controller\UploadsController.php(27): UploadsController->processFile(Array)
#1 [internal function]: UploadsController->index()
#2 C:\xampp7.3\htdocs\cakephp-2.10.22\lib\Cake\Controller\Controller.php(499): ReflectionMethod->invokeArgs(Object(UploadsController), Array)
#3 C:\xampp7.3\htdocs\cakephp-2.10.22\lib\Cake\Routing\Dispatcher.php(193): Controller->invokeAction(Object(CakeRequest))
#4 C:\xampp7.3\htdocs\cakephp-2.10.22\lib\Cake\Routing\Dispatcher.php(167): Dispatcher->_invoke(Object(UploadsController), Object(CakeRequest))
#5 C:\xampp7.3\htdocs\cakephp-2.10.22\app_varaprasad\webroot\index.php(117): Dispatcher->dispatch(Object(CakeRequest), Object(CakeResponse))
#6 {main}
2021-03-07 10:53:23 Error: [Error] Class 'PhpOffice\PhpSpreadsheet\IOFactory' not found
Request URL: /uploads/
Stack Trace:
#0 C:\xampp7.3\htdocs\cakephp-2.10.22\app_varaprasad\Controller\UploadsController.php(25): UploadsController->processFile(Array)
#1 [internal function]: UploadsController->index()
#2 C:\xampp7.3\htdocs\cakephp-2.10.22\lib\Cake\Controller\Controller.php(499): ReflectionMethod->invokeArgs(Object(UploadsController), Array)
#3 C:\xampp7.3\htdocs\cakephp-2.10.22\lib\Cake\Routing\Dispatcher.php(193): Controller->invokeAction(Object(CakeRequest))
#4 C:\xampp7.3\htdocs\cakephp-2.10.22\lib\Cake\Routing\Dispatcher.php(167): Dispatcher->_invoke(Object(UploadsController), Object(CakeRequest))
#5 C:\xampp7.3\htdocs\cakephp-2.10.22\app_varaprasad\webroot\index.php(117): Dispatcher->dispatch(Object(CakeRequest), Object(CakeResponse))
#6 {main}
2021-03-07 10:53:52 Error: [Error] Class 'PhpOffice\PhpSpreadsheet\IOFactory' not found
Request URL: /uploads/
Stack Trace:
#0 C:\xampp7.3\htdocs\cakephp-2.10.22\app_varaprasad\Controller\UploadsController.php(25): UploadsController->processFile(Array)
#1 [internal function]: UploadsController->index()
#2 C:\xampp7.3\htdocs\cakephp-2.10.22\lib\Cake\Controller\Controller.php(499): ReflectionMethod->invokeArgs(Object(UploadsController), Array)
#3 C:\xampp7.3\htdocs\cakephp-2.10.22\lib\Cake\Routing\Dispatcher.php(193): Controller->invokeAction(Object(CakeRequest))
#4 C:\xampp7.3\htdocs\cakephp-2.10.22\lib\Cake\Routing\Dispatcher.php(167): Dispatcher->_invoke(Object(UploadsController), Object(CakeRequest))
#5 C:\xampp7.3\htdocs\cakephp-2.10.22\app_varaprasad\webroot\index.php(117): Dispatcher->dispatch(Object(CakeRequest), Object(CakeResponse))
#6 {main}
2021-03-07 10:53:53 Error: [Error] Class 'PhpOffice\PhpSpreadsheet\IOFactory' not found
Request URL: /uploads/
Stack Trace:
#0 C:\xampp7.3\htdocs\cakephp-2.10.22\app_varaprasad\Controller\UploadsController.php(25): UploadsController->processFile(Array)
#1 [internal function]: UploadsController->index()
#2 C:\xampp7.3\htdocs\cakephp-2.10.22\lib\Cake\Controller\Controller.php(499): ReflectionMethod->invokeArgs(Object(UploadsController), Array)
#3 C:\xampp7.3\htdocs\cakephp-2.10.22\lib\Cake\Routing\Dispatcher.php(193): Controller->invokeAction(Object(CakeRequest))
#4 C:\xampp7.3\htdocs\cakephp-2.10.22\lib\Cake\Routing\Dispatcher.php(167): Dispatcher->_invoke(Object(UploadsController), Object(CakeRequest))
#5 C:\xampp7.3\htdocs\cakephp-2.10.22\app_varaprasad\webroot\index.php(117): Dispatcher->dispatch(Object(CakeRequest), Object(CakeResponse))
#6 {main}
2021-03-07 11:05:02 Error: Fatal Error (1): Allowed memory size of 536870912 bytes exhausted (tried to allocate 182625008 bytes) in [C:\xampp7.3\htdocs\cakephp-2.10.22\lib\Cake\Utility\Debugger.php, line 605]
2021-03-07 11:05:02 Error: [FatalErrorException] Allowed memory size of 536870912 bytes exhausted (tried to allocate 182625008 bytes)
Request URL: /uploads/
Stack Trace:
#0 C:\xampp7.3\htdocs\cakephp-2.10.22\lib\Cake\Error\ErrorHandler.php(212): ErrorHandler::handleFatalError(1, 'Allowed memory ...', 'C:\\xampp7.3\\htd...', 605)
#1 C:\xampp7.3\htdocs\cakephp-2.10.22\lib\Cake\Core\App.php(970): ErrorHandler::handleError(1, 'Allowed memory ...', 'C:\\xampp7.3\\htd...', 605, Array)
#2 C:\xampp7.3\htdocs\cakephp-2.10.22\lib\Cake\Core\App.php(943): App::_checkFatalError()
#3 [internal function]: App::shutdown()
#4 {main}
